number,value,datetime_start,datetime_complete,duration,params_depth,params_iterations,params_l2_leaf_reg,params_learning_rate,params_weight_0,params_weight_1,params_weight_2,state,trial_number,iterations,learning_rate,depth,l2_leaf_reg,class_weight_0,class_weight_1,class_weight_2,f1_score
0.0,0.1955415010780069,2025-03-30 21:49:14.602093,2025-03-30 21:49:16.645727,0 days 00:00:02.043634,6.0,167.0,0.0061188736270452,0.0021114816674621,0.8679291531303606,2.172313676189048,6.834391764423707,COMPLETE,,,,,,,,,
1.0,0.1413306482546989,2025-03-30 21:49:16.649603,2025-03-30 21:49:18.884171,0 days 00:00:02.234568,8.0,125.0,0.6912603970975716,0.0568168588106154,0.7685747635587634,5.603887148101098,7.597993135862308,COMPLETE,,,,,,,,,
2.0,0.1413306482546989,2025-03-30 21:49:18.886312,2025-03-30 21:49:19.365543,0 days 00:00:00.479231,4.0,451.0,0.8095996631738135,0.1799089396792046,1.648331479512005,4.92347725217732,6.422933496534313,COMPLETE,,,,,,,,,
3.0,0.2277394027766554,2025-03-30 21:49:19.365543,2025-03-30 21:49:20.110477,0 days 00:00:00.744934,6.0,351.0,8.138304044988141,0.0334497139879484,1.3866911599664915,2.7815133748099976,6.319321490258828,COMPLETE,,,,,,,,,
4.0,0.1413306482546989,2025-03-30 21:49:20.110477,2025-03-30 21:49:22.305867,0 days 00:00:02.195390,8.0,134.0,3.8178896772257023,0.0032461750930013,1.9252774495937768,4.608317096078027,6.189198040332233,COMPLETE,,,,,,,,,
5.0,0.1413306482546989,2025-03-30 21:49:22.311189,2025-03-30 21:49:22.942848,0 days 00:00:00.631659,6.0,177.0,0.8099957468083749,0.0047717275477247,1.197861899414543,4.612846415793995,7.551925787225864,COMPLETE,,,,,,,,,
6.0,0.2357200525130532,2025-03-30 21:49:22.942848,2025-03-30 21:49:25.526733,0 days 00:00:02.583885,8.0,383.0,0.0072522816206247,0.005678307404828,1.887832360282284,5.49075860932272,6.409651558110918,COMPLETE,,,,,,,,,
7.0,0.1413306482546989,2025-03-30 21:49:25.526733,2025-03-30 21:49:27.263757,0 days 00:00:01.737024,8.0,462.0,1.805739266029807,0.0791793229146213,0.6602090461782458,2.560364187990692,4.600370129738146,COMPLETE,,,,,,,,,
8.0,0.1465251306455015,2025-03-30 21:49:27.263757,2025-03-30 21:49:27.929838,0 days 00:00:00.666081,6.0,260.0,0.0205620250388877,0.0827155538205143,0.7454208729429239,2.367070201946248,7.400115073877011,COMPLETE,,,,,,,,,
9.0,0.2837575031749589,2025-03-30 21:49:27.931856,2025-03-30 21:49:28.446055,0 days 00:00:00.514199,5.0,227.0,0.1815410796733684,0.0017916230373438,1.82209982354058,3.9936878609192448,7.80182059825886,COMPLETE,,,,,,,,,
10.0,0.2942663767699607,2025-03-30 21:49:28.446055,2025-03-30 21:49:35.182133,0 days 00:00:06.736078,10.0,266.0,0.0657386761371456,0.0011196266820782,1.4811219624294802,3.5575413662824937,5.35354100876554,COMPLETE,,,,,,,,,
11.0,0.3012573233355192,2025-03-30 21:49:35.182133,2025-03-30 21:49:41.849920,0 days 00:00:06.667787,10.0,257.0,0.0742576969342881,0.0010243032264098,1.5846817798496604,3.53207916590914,5.372282897692888,COMPLETE,,,,,,,,,
12.0,0.1504739179967548,2025-03-30 21:49:41.852302,2025-03-30 21:49:48.476521,0 days 00:00:06.624219,10.0,319.0,0.0583155010358344,0.0011096240794935,1.4289877711349674,3.4730433700135275,5.104413350913601,COMPLETE,,,,,,,,,
13.0,0.1413306482546989,2025-03-30 21:49:48.477529,2025-03-30 21:49:54.241097,0 days 00:00:05.763568,10.0,258.0,0.0014643087288686,0.0111978246817163,1.1081896079797606,3.3252824807150865,5.324491244876242,COMPLETE,,,,,,,,,
14.0,0.3425192913753861,2025-03-30 21:49:54.241097,2025-03-30 21:50:00.863610,0 days 00:00:06.622513,10.0,225.0,0.1381237359425978,0.00100697335759,1.6029321794041156,3.395636902712252,4.00502100882512,COMPLETE,,,,,,,,,
15.0,0.4721482551012069,2025-03-30 21:50:00.865463,2025-03-30 21:50:05.360760,0 days 00:00:04.495297,9.0,209.0,0.2191561107326501,0.0118250804297588,1.597591457026008,2.9785511061499834,4.035266304631424,COMPLETE,,,,,,,,,
16.0,0.4628107835525514,2025-03-30 21:50:05.363096,2025-03-30 21:50:08.894296,0 days 00:00:03.531200,9.0,207.0,0.2296992875542961,0.0148850707393205,1.7465202916916998,2.955873734141556,4.134977554874162,COMPLETE,,,,,,,,,
17.0,0.477024081592359,2025-03-30 21:50:08.896476,2025-03-30 21:50:13.721374,0 days 00:00:04.824898,9.0,185.0,0.316472039528174,0.0187350893263033,1.7723662310081432,2.914218797973753,4.022916523475052,COMPLETE,,,,,,,,,
18.0,0.1960216666527635,2025-03-30 21:50:13.723381,2025-03-30 21:50:21.888960,0 days 00:00:08.165579,9.0,172.0,0.4027976689858892,0.0262285828556082,1.023249902054509,2.0501335878441203,4.618966757770172,COMPLETE,,,,,,,,,
19.0,0.1413306482546989,2025-03-30 21:50:21.890975,2025-03-30 21:50:25.087615,0 days 00:00:03.196640,9.0,102.0,0.0220233341602658,0.0087657033654203,1.3102400664914755,2.979248004798237,4.601960465225824,COMPLETE,,,,,,,,,
20.0,0.3838725688933935,2025-03-30 21:50:25.087615,2025-03-30 21:50:26.183762,0 days 00:00:01.096147,7.0,304.0,2.3451818075027244,0.0250636333522584,1.9957911216506363,3.915933300851483,5.743894185496211,COMPLETE,,,,,,,,,
21.0,0.4703305514499478,2025-03-30 21:50:26.185781,2025-03-30 21:50:29.953132,0 days 00:00:03.767351,9.0,220.0,0.2994036101283168,0.0140665723686361,1.7500336406081154,3.0759539400352662,4.050182164815631,COMPLETE,,,,,,,,,
22.0,0.4615012951106577,2025-03-30 21:50:29.953132,2025-03-30 21:50:34.426751,0 days 00:00:04.473619,9.0,204.0,0.288829066159517,0.0081033370981036,1.7571711133458994,2.5644279245901425,4.328439855794491,COMPLETE,,,,,,,,,
23.0,0.4967138004624312,2025-03-30 21:50:34.429510,2025-03-30 21:50:36.198379,0 days 00:00:01.768869,7.0,151.0,0.4775008850367855,0.0153689946134148,1.661310708710459,3.039651660191019,4.968728995385854,COMPLETE,,,,,,,,,
24.0,0.1413306482546989,2025-03-30 21:50:36.198379,2025-03-30 21:50:37.176502,0 days 00:00:00.978123,7.0,146.0,1.5690170983342244,0.0343624154140137,1.527458784880969,3.8140578848007873,5.013065559164278,COMPLETE,,,,,,,,,
25.0,0.1959667303571566,2025-03-30 21:50:37.176502,2025-03-30 21:50:38.952265,0 days 00:00:01.775763,7.0,100.0,0.0324398765281346,0.0176046161723525,1.686888960742528,4.397055538996968,4.873123267453183,COMPLETE,,,,,,,,,
26.0,0.1413306482546989,2025-03-30 21:50:38.952265,2025-03-30 21:50:40.643437,0 days 00:00:01.691172,8.0,190.0,0.5931324616227549,0.0523511333634901,1.3275115760432548,2.666105823658333,4.3112067463091535,COMPLETE,,,,,,,,,
27.0,0.445740369558409,2025-03-30 21:50:40.643437,2025-03-30 21:50:41.174700,0 days 00:00:00.531263,5.0,153.0,0.1201471519040482,0.0057891226808492,1.875277315062758,3.1358620434393103,5.718496949398813,COMPLETE,,,,,,,,,
28.0,0.1413306482546989,2025-03-30 21:50:41.174700,2025-03-30 21:50:42.117743,0 days 00:00:00.943043,7.0,287.0,4.9455514931392175,0.0190272814793649,0.5132690135469187,2.268290646762372,4.386684923414288,COMPLETE,,,,,,,,,
29.0,0.2664638912206426,2025-03-30 21:50:42.117743,2025-03-30 21:50:44.595594,0 days 00:00:02.477851,8.0,174.0,0.007797955294727,0.0034707572907151,1.53339093999325,4.250460913015727,4.831671336199607,COMPLETE,,,,,,,,,
30.0,0.1491028175119202,2025-03-30 21:50:44.595594,2025-03-30 21:50:45.117896,0 days 00:00:00.522302,5.0,126.0,1.2167763414500503,0.2249585031466556,0.9799435934984017,2.428651674584419,7.107343239299007,COMPLETE,,,,,,,,,
31.0,0.5105111004365865,2025-03-30 21:50:45.121439,2025-03-30 21:50:49.617966,0 days 00:00:04.496527,9.0,227.0,0.3980991988946548,0.0123805045944009,1.7458139190329718,3.1468581596182665,4.0452146089669325,COMPLETE,,,,,,,,,
32.0,0.4566961133858267,2025-03-30 21:50:49.617966,2025-03-30 21:50:54.299939,0 days 00:00:04.681973,9.0,238.0,0.4123632876005865,0.0097746297934101,1.9934225674037844,2.768653227968327,4.46943225817187,COMPLETE,,,,,,,,,
33.0,0.4541398257251466,2025-03-30 21:50:54.307628,2025-03-30 21:50:58.688351,0 days 00:00:04.380723,9.0,496.0,0.6802721860308668,0.0240208229591264,1.6612835317647088,3.217735564122385,4.174088283653572,COMPLETE,,,,,,,,,
34.0,0.3864135698139454,2025-03-30 21:50:58.688351,2025-03-30 21:51:01.152781,0 days 00:00:02.464430,8.0,165.0,0.1792303856197258,0.0428411518071158,1.8260746402204813,3.708854069933097,4.688537927497661,COMPLETE,,,,,,,,,
35.0,0.459530934660343,2025-03-30 21:51:01.158381,2025-03-30 21:51:04.391307,0 days 00:00:03.232926,8.0,196.0,0.4784721045445289,0.012204191638853,1.7019042632344783,2.8732674404426293,4.245208877338579,COMPLETE,,,,,,,,,
36.0,0.1413306482546989,2025-03-30 21:51:04.394350,2025-03-30 21:51:05.437469,0 days 00:00:01.043119,7.0,338.0,2.937626662231655,0.006423383562592,1.426755020885943,3.247118600201224,6.720464666594559,COMPLETE,,,,,,,,,
37.0,0.4657007773433885,2025-03-30 21:51:05.439487,2025-03-30 21:51:06.149387,0 days 00:00:00.709900,6.0,375.0,1.0329640217737512,0.003855504339752,1.58172429979564,2.8124999350228554,5.0566363602034965,COMPLETE,,,,,,,,,
38.0,0.1413306482546989,2025-03-30 21:51:06.151455,2025-03-30 21:51:06.602971,0 days 00:00:00.451516,4.0,132.0,0.0984708342681117,0.0893767649891506,1.812313823382027,5.124843207434203,4.009477213690597,COMPLETE,,,,,,,,,
39.0,0.445740369558409,2025-03-30 21:51:06.602971,2025-03-30 21:51:08.310399,0 days 00:00:01.707428,8.0,151.0,7.942126141026327,0.018872656572748,1.8964862659118733,2.1331187523190662,4.401545415651027,COMPLETE,,,,,,,,,
40.0,0.1413306482546989,2025-03-30 21:51:08.312986,2025-03-30 21:51:11.276798,0 days 00:00:02.963812,9.0,189.0,0.0331820362205141,0.0367565646547326,1.632471873484482,5.750021726243164,4.783923166297529,COMPLETE,,,,,,,,,
41.0,0.4828458057198058,2025-03-30 21:51:11.278910,2025-03-30 21:51:15.898938,0 days 00:00:04.620028,9.0,220.0,0.2802748475117808,0.0128291823982384,1.7514612368330962,3.0314482184726623,4.042158481638113,COMPLETE,,,,,,,,,
42.0,0.4576410274487685,2025-03-30 21:51:15.903111,2025-03-30 21:51:25.158043,0 days 00:00:09.254932,10.0,239.0,0.2836856272051416,0.0091498863130328,1.7522169129571292,2.473398773664465,4.541564989616279,COMPLETE,,,,,,,,,
43.0,0.3997993268816918,2025-03-30 21:51:25.159550,2025-03-30 21:51:28.145802,0 days 00:00:02.986252,9.0,277.0,0.772103250743794,0.0068372126565815,1.9178333302463169,3.6870859151714943,4.250383489619668,COMPLETE,,,,,,,,,
44.0,0.383942105110841,2025-03-30 21:51:28.148101,2025-03-30 21:51:30.615749,0 days 00:00:02.467648,8.0,242.0,0.1985324771654681,0.0132885448106587,1.5161435087959412,3.0941872663329497,4.155917998927954,COMPLETE,,,,,,,,,
45.0,0.4349869037415033,2025-03-30 21:51:30.615749,2025-03-30 21:51:36.270356,0 days 00:00:05.654607,10.0,213.0,0.0894772679286898,0.0048118173306091,1.8425384353500056,2.756167090155231,6.053404718857545,COMPLETE,,,,,,,,,
46.0,0.1453522524730559,2025-03-30 21:51:36.270356,2025-03-30 21:51:38.576643,0 days 00:00:02.306287,8.0,169.0,1.1227946341185333,0.022594755748907,1.2297882266265598,3.3006078954765155,4.467305107077896,COMPLETE,,,,,,,,,
47.0,0.4691033441538362,2025-03-30 21:51:38.581030,2025-03-30 21:51:42.356112,0 days 00:00:03.775082,9.0,188.0,0.4154207358355564,0.0021745756823871,1.6978652203731657,2.647653691667643,5.52805671780756,COMPLETE,,,,,,,,,
48.0,0.3075406637941907,2025-03-30 21:51:42.356112,2025-03-30 21:51:48.930738,0 days 00:00:06.574626,10.0,249.0,0.1399513046433853,0.0664323731440149,1.5908303383718352,3.53106483979063,4.0130571263547,COMPLETE,,,,,,,,,
49.0,0.1423840435228071,2025-03-30 21:51:48.930738,2025-03-30 21:51:49.529533,0 days 00:00:00.598795,6.0,114.0,0.0576054468233404,0.0292556714808583,1.7941550831262778,4.185803128700094,5.158974652374448,COMPLETE,,,,,,,,,
50.0,0.2965564578570902,2025-03-30 21:51:49.529533,2025-03-30 21:51:55.526783,0 days 00:00:05.997250,9.0,141.0,0.6176641578846955,0.0115004158067681,1.4363569874587576,2.918097163166245,4.8873924570644816,COMPLETE,,,,,,,,,
51.0,0.4702233093460272,2025-03-30 21:51:55.526783,2025-03-30 21:51:59.147621,0 days 00:00:03.620838,9.0,221.0,0.3066743174800324,0.0156568108745393,1.7445037912728485,3.037630909699618,4.001137527299777,COMPLETE,,,,,,,,,
52.0,0.3003010011031813,2025-03-30 21:51:59.147621,2025-03-30 21:52:02.163162,0 days 00:00:03.015541,9.0,222.0,0.188171519224358,0.0134806522034061,1.6468694021050818,3.400432299954604,4.186992720796183,COMPLETE,,,,,,,,,
53.0,0.453526679772502,2025-03-30 21:52:02.163162,2025-03-30 21:52:11.794609,0 days 00:00:09.631447,10.0,276.0,0.2701148375712425,0.0202641367242821,1.949886432699976,2.36484584724298,4.6885334245482415,COMPLETE,,,,,,,,,
54.0,0.48178034402337,2025-03-30 21:52:11.794609,2025-03-30 21:52:15.026537,0 days 00:00:03.231928,9.0,206.0,0.365212451464898,0.0077970775190969,1.7722430412286951,3.0192668413026458,4.344030761328923,COMPLETE,,,,,,,,,
55.0,0.4527860199823365,2025-03-30 21:52:15.032423,2025-03-30 21:52:17.330434,0 days 00:00:02.298011,8.0,204.0,0.484966512479391,0.007718803627683,1.8742545856296453,3.175472347001281,4.363636182281853,COMPLETE,,,,,,,,,
56.0,0.5036175706218392,2025-03-30 21:52:17.330434,2025-03-30 21:52:23.892526,0 days 00:00:06.562092,10.0,163.0,0.8447984454064511,0.0100268525350871,1.794544639511024,2.946684934399255,4.545357788326837,COMPLETE,,,,,,,,,
57.0,0.4679394249310097,2025-03-30 21:52:23.892526,2025-03-30 21:52:36.512498,0 days 00:00:12.619972,10.0,157.0,1.7365858931256772,0.0048539721151914,1.7897195175974965,2.640991130290933,4.576593578283395,COMPLETE,,,,,,,,,
58.0,0.2440561424554826,2025-03-30 21:52:36.512498,2025-03-30 21:52:43.433348,0 days 00:00:06.920850,10.0,423.0,0.901528605688918,0.0105213197001381,1.6984188489613636,3.371740514380705,4.217560343860366,COMPLETE,,,,,,,,,
59.0,0.2510655621109711,2025-03-30 21:52:43.433348,2025-03-30 21:52:50.045963,0 days 00:00:06.612615,10.0,180.0,1.5046070353731205,0.0027715595534515,1.9683517764650336,3.703753544349032,5.25789792776153,COMPLETE,,,,,,,,,
60.0,0.4545947223473837,2025-03-30 21:52:50.048285,2025-03-30 21:52:52.459736,0 days 00:00:02.411451,7.0,160.0,2.6196007677838136,0.0073235537579883,1.85355504400208,2.9296839945619304,4.716606805308538,COMPLETE,,,,,,,,,
61.0,0.4595972761664564,2025-03-30 21:52:52.459736,2025-03-30 21:52:56.916030,0 days 00:00:04.456294,9.0,202.0,0.3610734128411745,0.0157975062361617,1.562340008120029,3.015428779271149,4.140624118488261,COMPLETE,,,,,,,,,
62.0,0.4850531229989346,2025-03-30 21:52:56.916030,2025-03-30 21:53:00.846782,0 days 00:00:03.930752,9.0,185.0,0.1390042931837884,0.0109039898764511,1.6262687529573427,2.813305547866212,4.470057134980488,COMPLETE,,,,,,,,,
63.0,0.447797343164794,2025-03-30 21:53:00.846782,2025-03-30 21:53:05.362866,0 days 00:00:04.516084,9.0,116.0,0.166472792301926,0.0094078428583595,1.4824071052730856,2.716934869966089,4.482531483562568,COMPLETE,,,,,,,,,
64.0,0.4470164589550146,2025-03-30 21:53:05.362866,2025-03-30 21:53:11.628696,0 days 00:00:06.265830,9.0,182.0,0.5682411333339653,0.005638946846572,1.735781046850194,2.295773700539501,4.975515762160288,COMPLETE,,,,,,,,,
65.0,0.4785191031503164,2025-03-30 21:53:11.628696,2025-03-30 21:53:14.982136,0 days 00:00:03.353440,8.0,142.0,0.0011787385905453,0.0171981546162212,1.6232476140396996,2.5761900726807005,4.323008792119119,COMPLETE,,,,,,,,,
66.0,0.4815255558458686,2025-03-30 21:53:14.990869,2025-03-30 21:53:16.738053,0 days 00:00:01.747184,7.0,140.0,0.001216450640551,0.0107375616789,1.6476868079389535,2.168129528730087,4.354659060143938,COMPLETE,,,,,,,,,
67.0,0.445740369558409,2025-03-30 21:53:16.739814,2025-03-30 21:53:17.798763,0 days 00:00:01.058949,7.0,116.0,0.0045649687230678,0.0105035700202202,1.6687467336716804,2.123302444792192,7.995037368538359,COMPLETE,,,,,,,,,
68.0,0.4628432279058693,2025-03-30 21:53:17.798763,2025-03-30 21:53:19.093168,0 days 00:00:01.294405,7.0,166.0,0.0104713012389854,0.0084574409301252,1.1196567935468855,2.00479765217294,4.547277812263184,COMPLETE,,,,,,,,,
69.0,0.448013174882765,2025-03-30 21:53:19.093168,2025-03-30 21:53:21.210034,0 days 00:00:02.116866,8.0,136.0,0.0022856757407247,0.0039558048196909,1.7219903257122489,2.52477480028019,4.417044522603972,COMPLETE,,,,,,,,,
70.0,0.445740369558409,2025-03-30 21:53:21.210034,2025-03-30 21:53:22.114616,0 days 00:00:00.904582,6.0,231.0,0.0504827191929805,0.0130954844213705,1.927872620605518,3.154111119193717,4.917227024785433,COMPLETE,,,,,,,,,
71.0,0.4820083224694058,2025-03-30 21:53:22.114616,2025-03-30 21:53:26.331074,0 days 00:00:04.216458,8.0,138.0,0.0015306531351481,0.0162749730402406,1.6568219860744329,2.579560786170443,4.319796173206829,COMPLETE,,,,,,,,,
72.0,0.4800693806160307,2025-03-30 21:53:26.333208,2025-03-30 21:53:27.600875,0 days 00:00:01.267667,7.0,127.0,0.0020826923971203,0.0296855414334038,1.3501498747754792,2.2638941841171807,4.298874822086135,COMPLETE,,,,,,,,,
73.0,0.4475381767009036,2025-03-30 21:53:27.600875,2025-03-30 21:53:29.786842,0 days 00:00:02.185967,8.0,157.0,0.1435843890884341,0.0058786933724716,1.7889462385562036,2.830159672711897,4.699798221861177,COMPLETE,,,,,,,,,
74.0,0.4722900341386616,2025-03-30 21:53:29.788551,2025-03-30 21:53:32.155013,0 days 00:00:02.366462,7.0,175.0,0.0023075349022431,0.0154296643184403,1.6567972339221015,2.398756207862124,4.131952733266684,COMPLETE,,,,,,,,,
75.0,0.4823368269421816,2025-03-30 21:53:32.155013,2025-03-30 21:53:35.172700,0 days 00:00:03.017687,8.0,147.0,0.0010033221282261,0.021583616439042,1.5433696001587116,2.8225653268652904,4.783248136982901,COMPLETE,,,,,,,,,
76.0,0.4836146509120481,2025-03-30 21:53:35.178002,2025-03-30 21:53:38.767636,0 days 00:00:03.589634,9.0,196.0,0.0017098453893425,0.0261182877857942,1.5410924003350068,3.050365072431659,4.784044590025491,COMPLETE,,,,,,,,,
77.0,0.1413306482546989,2025-03-30 21:53:38.767636,2025-03-30 21:53:40.560193,0 days 00:00:01.792557,8.0,195.0,0.0030832515851426,0.0407499127113739,1.5503057069140485,3.2733391111954906,5.08211707789145,COMPLETE,,,,,,,,,
78.0,0.4805417429865998,2025-03-30 21:53:40.561505,2025-03-30 21:53:43.573736,0 days 00:00:03.012231,8.0,174.0,0.0014188742361595,0.0215856369229488,1.472695127410417,2.829492264720507,4.772505593127678,COMPLETE,,,,,,,,,
79.0,0.3689633893557423,2025-03-30 21:53:43.573736,2025-03-30 21:53:50.209198,0 days 00:00:06.635462,10.0,147.0,0.0016176895225535,0.0251432099545048,1.4929753878533194,3.438493756912849,5.227345965685169,COMPLETE,,,,,,,,,
80.0,0.4955666806020067,2025-03-30 21:53:50.209198,2025-03-30 21:53:53.591780,0 days 00:00:03.382582,9.0,109.0,0.0010851313087995,0.0179243780430853,1.5911292775422543,2.704083478790069,4.6505765823727145,COMPLETE,,,,,,,,,
81.0,0.4260950957680974,2025-03-30 21:53:53.591780,2025-03-30 21:53:58.877846,0 days 00:00:05.286066,9.0,110.0,0.0010791190821172,0.0288020817865858,1.3899603173922337,2.711857559951948,4.610551356379308,COMPLETE,,,,,,,,,
82.0,0.4697050813083995,2025-03-30 21:53:58.880759,2025-03-30 21:54:05.772921,0 days 00:00:06.892162,9.0,127.0,0.0037132095438127,0.017781269299829,1.6060096965684958,2.541750159028793,4.50092523392786,COMPLETE,,,,,,,,,
83.0,0.4863084955550258,2025-03-30 21:54:05.772921,2025-03-30 21:54:10.865654,0 days 00:00:05.092733,9.0,121.0,0.0019004865019401,0.0215237936535463,1.5636206578570295,2.854639100999301,4.829701057664,COMPLETE,,,,,,,,,
84.0,0.1413306482546989,2025-03-30 21:54:10.865654,2025-03-30 21:54:13.928237,0 days 00:00:03.062583,9.0,108.0,0.0028406670653467,0.0216368466951139,1.5471949462786847,3.151816317411893,4.965427622166754,COMPLETE,,,,,,,,,
85.0,0.3256058362007913,2025-03-30 21:54:13.928237,2025-03-30 21:54:18.113416,0 days 00:00:04.185179,9.0,101.0,0.0010252737842764,0.0124007337912639,1.44088754928339,2.86700508932216,5.396200656007856,COMPLETE,,,,,,,,,
86.0,0.1834294699726704,2025-03-30 21:54:18.113416,2025-03-30 21:54:22.913070,0 days 00:00:04.799654,9.0,121.0,0.0050291389028238,0.0378081501735879,1.2906811236813107,2.959528999383879,6.545100788513951,COMPLETE,,,,,,,,,
87.0,0.3839961971555358,2025-03-30 21:54:22.913070,2025-03-30 21:54:29.641352,0 days 00:00:06.728282,10.0,154.0,0.0094776162501408,0.0318496394072206,1.578928344458078,3.597582820901041,4.818922545133347,COMPLETE,,,,,,,,,
88.0,0.3126128745519713,2025-03-30 21:54:29.641352,2025-03-30 21:54:34.709097,0 days 00:00:05.067745,9.0,213.0,0.0018707277768618,0.0495716541812566,1.5094467648572776,3.061858156062867,5.67372064685361,COMPLETE,,,,,,,,,
89.0,0.1413306482546989,2025-03-30 21:54:34.711120,2025-03-30 21:54:39.329826,0 days 00:00:04.618706,9.0,320.0,0.2535669116188368,0.0141383878277117,0.7799195866314133,2.7807453725104,4.644553599473643,COMPLETE,,,,,,,,,
90.0,0.1413306482546989,2025-03-30 21:54:39.329826,2025-03-30 21:54:44.845649,0 days 00:00:05.515823,10.0,165.0,0.0841928379286011,0.1365682779127593,1.7104114512187776,4.649558438244859,4.827856782472445,COMPLETE,,,,,,,,,
91.0,0.4898360264605296,2025-03-30 21:54:44.845649,2025-03-30 21:54:47.497559,0 days 00:00:02.651910,8.0,131.0,0.0016148728963525,0.0197653605074025,1.62822950642329,2.6416345389651434,4.429138637001553,COMPLETE,,,,,,,,,
92.0,0.4952401675832472,2025-03-30 21:54:47.497559,2025-03-30 21:54:51.084805,0 days 00:00:03.587246,9.0,131.0,0.001501363277322,0.0223725610520002,1.6126498685490416,2.66849990158994,4.739517192029912,COMPLETE,,,,,,,,,
93.0,0.4507499192011722,2025-03-30 21:54:51.088771,2025-03-30 21:54:57.550984,0 days 00:00:06.462213,9.0,131.0,0.0027462177587995,0.0275589344911472,1.6241044722082008,2.677604489770508,4.085854517828688,COMPLETE,,,,,,,,,
94.0,0.4826656482348611,2025-03-30 21:54:57.550984,2025-03-30 21:55:02.298448,0 days 00:00:04.747464,9.0,121.0,0.0016853240042357,0.0193732423810464,1.6846062477150456,3.2563326180807195,4.469982296884702,COMPLETE,,,,,,,,,
95.0,0.4591803416328894,2025-03-30 21:55:02.298448,2025-03-30 21:55:08.628079,0 days 00:00:06.329631,9.0,108.0,0.0013553630668937,0.0250347690477217,1.8196677671447503,3.0809087420960326,4.611029992179742,COMPLETE,,,,,,,,,
