number,value,datetime_start,datetime_complete,duration,params_depth,params_iterations,params_l2_leaf_reg,params_learning_rate,params_weight_0,params_weight_1,params_weight_2,state,trial_number,iterations,learning_rate,depth,l2_leaf_reg,class_weight_0,class_weight_1,class_weight_2,f1_score
96.0,0.4859990804597701,2025-03-30 21:55:08.628079,2025-03-30 21:55:12.064337,0 days 00:00:03.436258,9.0,195.0,0.1122844249592659,0.0146838696885721,1.604768923846613,2.4765477849351463,5.141528762969347,COMPLETE,,,,,,,,,
97.0,0.4783514900063757,2025-03-30 21:55:12.064337,2025-03-30 21:55:22.291698,0 days 00:00:10.227361,10.0,161.0,0.0474342989743666,0.033188748340806,1.6035504709648662,2.402219770072607,5.1111794938937445,COMPLETE,,,,,,,,,
98.0,0.478781044004718,2025-03-30 21:55:22.291698,2025-03-30 21:55:26.831826,0 days 00:00:04.540128,9.0,185.0,0.0156818315089677,0.0146289798392805,1.4592213854995764,2.4773237489776574,5.004710031981481,COMPLETE,,,,,,,,,
99.0,0.462231421634007,2025-03-30 21:55:26.831826,2025-03-30 21:55:42.112567,0 days 00:00:15.280741,10.0,199.0,0.0036586987213705,0.011695182122679,1.3984232138678183,2.320423512422938,4.883219138298505,COMPLETE,,,,,,,,,
,,,,,,,,,,,,,0.0,200.0,0.0411288995155353,5.0,1.3565649437042016,3.217312263583509,8.425389550616842,7.735578183483245,0.1796212954092917
,,,,,,,,,,,,,1.0,300.0,0.041842463347546,9.0,1.2153343671494017,4.785744077523656,5.728936487429154,6.755369483940492,0.4563051674040329
,,,,,,,,,,,,,2.0,100.0,0.0328267580833406,6.0,0.2211614129364317,2.731420873773807,3.4393623277771965,20.04306619412759,0.4677937743382948
,,,,,,,,,,,,,3.0,700.0,0.0133856057219569,7.0,0.214492309193534,4.421519109414641,4.956988066403109,13.766561612483798,0.4624023314954639
,,,,,,,,,,,,,4.0,600.0,0.0592565797726285,6.0,0.0084565523464171,4.481717147782131,8.961790443709095,11.5453713430532,0.4456458790347853
,,,,,,,,,,,,,0.0,200.0,0.041128899515535354,5.0,1.3565649437042016,3.217312263583509,8.425389550616842,7.735578183483245,0.17962129540929175
,,,,,,,,,,,,,1.0,300.0,0.04184246334754602,9.0,1.2153343671494017,4.785744077523656,5.728936487429154,6.755369483940492,0.4563051674040329
,,,,,,,,,,,,,2.0,100.0,0.03282675808334061,6.0,0.22116141293643177,2.731420873773807,3.4393623277771965,20.04306619412759,0.46779377433829483
,,,,,,,,,,,,,3.0,700.0,0.013385605721956913,7.0,0.214492309193534,4.421519109414641,4.956988066403109,13.766561612483798,0.46240233149546395
,,,,,,,,,,,,,4.0,600.0,0.059256579772628576,6.0,0.008456552346417135,4.481717147782131,8.961790443709095,11.545371343053201,0.4456458790347853
0,0.1705,2025-03-31 15:14:15.201490,2025-03-31 15:14:19.471907,0 days 00:00:04.270417,2.154659204414894,9.432704768919216,28.710027188194584,6,500,4.507338750686383,0.09566789831855556,COMPLETE,0.523,200,0.013781377169055435,7,0.24934236541047408
1,0.3385,2025-03-31 15:14:19.471907,2025-03-31 15:14:28.137506,0 days 00:00:08.665599,3.355500118426058,8.184040721370835,14.67779212312425,7,600,0.003344805397020932,0.04080137002903086,COMPLETE,0.523,200,0.013781377169055435,7,0.24934236541047408
2,0.523,2025-03-31 15:14:28.137506,2025-03-31 15:14:30.977632,0 days 00:00:02.840126,4.542455701579605,3.010510757410092,26.47748653701635,7,200,0.24934236541047408,0.013781377169055435,COMPLETE,0.523,200,0.013781377169055435,7,0.24934236541047408
3,0.3005,2025-03-31 15:14:30.977632,2025-03-31 15:14:42.206632,0 days 00:00:11.229000,2.7676260110304187,8.22147932095398,25.194751010838658,8,400,0.04044189105863561,0.016411700406661216,COMPLETE,0.523,200,0.013781377169055435,7,0.24934236541047408
4,0.1,2025-03-31 15:14:42.208407,2025-03-31 15:14:45.150770,0 days 00:00:02.942363,1.3037261899684456,5.604669471668293,27.483744459687976,7,200,1.956412788924319,0.017418446127378154,COMPLETE,0.523,200,0.013781377169055435,7,0.24934236541047408
